free(): invalid next size (fast)
free(): invalid next size (fast)
free(): invalid next size (fast)
srun: error: c11u05n1: task 11060: Aborted (core dumped)
srun: Terminating StepId=2664490.0
slurmstepd: error: *** STEP 2664490.0 ON c09u01n3 CANCELLED AT 2025-09-16T18:09:58 ***
srun: error: c09u05n2: task 1962: Aborted (core dumped)
srun: error: c11u04n3: tasks 10752-10879: Terminated
srun: error: c09u05n2: tasks 1920-1961,1963-2047: Terminated
srun: error: c09u14n4: tasks 6784-6911: Terminated
srun: error: c11u02n2: tasks 9600-9727: Terminated
srun: error: c11u11n1: tasks 14080-14207: Terminated
srun: error: c11u11n2: tasks 14208-14335: Terminated
srun: error: c11u18n1: tasks 17536-17663: Terminated
srun: error: c09u15n2: tasks 7040-7167: Terminated
srun: error: c13u01n2: tasks 18304-18431: Terminated
srun: error: c11u03n1: tasks 9984-10111: Terminated
srun: error: c09u16n1: tasks 7424-7551: Terminated
srun: error: c11u06n3: tasks 11776-11903: Terminated
srun: error: c09u12n1: tasks 5376-5503: Terminated
srun: error: c09u10n1: tasks 4352-4380,4382-4479: Terminated
srun: error: c11u09n3: tasks 13312-13439: Terminated
srun: error: c11u18n2: tasks 17664-17791: Terminated
srun: error: c11u15n2: tasks 16256-16383: Terminated
srun: error: c11u11n4: tasks 14464-14591: Terminated
srun: error: c11u01n3: tasks 9216-9343: Terminated
srun: error: c11u04n1: tasks 10496-10623: Terminated
srun: error: c09u08n4: tasks 3712-3839: Terminated
srun: error: c11u09n1: tasks 13056-13183: Terminated
srun: error: c09u18n2: tasks 8576-8703: Terminated
srun: error: c11u05n1: tasks 11008-11059,11061-11135: Terminated
srun: error: c11u12n4: tasks 14976-15103: Terminated
srun: error: c11u18n3: tasks 17792-17919: Terminated
srun: error: c09u02n1: tasks 256-383: Terminated
srun: error: c09u12n4: tasks 5760-5887: Terminated
srun: error: c11u01n4: tasks 9344-9471: Terminated
srun: error: c11u02n1: tasks 9472-9599: Terminated
srun: error: c09u18n4: tasks 8832-8959: Terminated
srun: error: c09u10n1: task 4381: Aborted (core dumped)
srun: error: c11u03n3: tasks 10240-10367: Terminated
srun: error: c09u08n2: tasks 3456-3583: Terminated
srun: error: c11u17n1: tasks 17024-17151: Terminated
srun: error: c11u12n3: tasks 14848-14975: Terminated
srun: error: c11u15n4: tasks 16512-16639: Terminated
srun: error: c09u04n1: tasks 1280-1407: Terminated
srun: error: c09u14n1: tasks 6400-6527: Terminated
srun: error: c11u12n1: tasks 14592-14719: Terminated
srun: error: c11u04n4: tasks 10880-11007: Terminated
srun: error: c09u04n2: tasks 1408-1535: Terminated
srun: error: c11u17n3: tasks 17280-17407: Terminated
srun: error: c11u02n3: tasks 9728-9855: Terminated
srun: error: c09u11n1: tasks 4864-4991: Terminated
srun: error: c11u03n4: tasks 10368-10495: Terminated
srun: error: c11u09n2: tasks 13184-13311: Terminated
srun: error: c09u06n3: tasks 2560-2687: Terminated
srun: error: c11u08n2: tasks 12672-12799: Terminated
srun: error: c11u12n2: tasks 14720-14847: Terminated
srun: error: c09u05n4: tasks 2176-2303: Terminated
srun: error: c11u14n2: tasks 15744-15871: Terminated
srun: error: c11u16n1: tasks 16640-16767: Terminated
srun: error: c11u13n2: tasks 15232-15359: Terminated
srun: error: c09u17n2: tasks 8064-8191: Terminated
srun: error: c11u06n2: tasks 11648-11775: Terminated
srun: error: c10u01n2: tasks 9088-9215: Terminated
srun: error: c11u15n1: tasks 16128-16255: Terminated
srun: error: c09u13n1: tasks 5888-6015: Terminated
srun: error: c09u13n2: tasks 6016-6143: Terminated
srun: error: c09u16n3: tasks 7680-7807: Terminated
srun: error: c09u07n4: tasks 3200-3327: Terminated
srun: error: c09u11n4: tasks 5248-5375: Terminated
srun: error: c11u06n1: tasks 11520-11647: Terminated
srun: error: c09u05n3: tasks 2048-2175: Terminated
srun: error: c09u18n3: tasks 8704-8831: Terminated
srun: error: c09u07n3: tasks 3072-3199: Terminated
srun: error: c10u01n1: tasks 8960-9087: Terminated
srun: error: c09u09n3: tasks 4096-4223: Terminated
srun: error: c11u16n4: tasks 16896-17023: Terminated
srun: error: c09u04n4: tasks 1664-1791: Terminated
srun: error: c11u16n2: tasks 16768-16895: Terminated
srun: error: c09u02n2: tasks 384-511: Terminated
srun: error: c09u01n4: tasks 128-255: Terminated
srun: error: c09u03n3: tasks 1024-1151: Terminated
srun: error: c09u10n3: tasks 4608-4735: Terminated
srun: error: c11u08n3: tasks 12800-12927: Terminated
srun: error: c11u10n2: tasks 13696-13823: Terminated
srun: error: c09u18n1: tasks 8448-8575: Terminated
srun: error: c09u11n3: tasks 5120-5247: Terminated
srun: error: c11u18n4: tasks 17920-18047: Terminated
srun: error: c09u14n2: tasks 6528-6655: Terminated
srun: error: c09u09n2: tasks 3968-4095: Terminated
srun: error: c11u17n2: tasks 17152-17279: Terminated
srun: error: c11u09n4: tasks 13440-13567: Terminated
srun: error: c13u01n1: tasks 18176-18303: Terminated
srun: error: c09u08n1: tasks 3328-3455: Terminated
srun: error: c09u06n1: tasks 2304-2431: Terminated
srun: error: c11u14n3: tasks 15872-15999: Terminated
srun: error: c09u16n2: tasks 7552-7679: Terminated
srun: error: c09u15n4: tasks 7296-7423: Terminated
srun: error: c11u03n2: tasks 10112-10239: Terminated
srun: error: c11u04n2: tasks 10624-10751: Terminated
srun: error: c11u07n3: tasks 12288-12415: Terminated
srun: error: c11u10n1: tasks 13568-13695: Terminated
srun: error: c09u12n3: tasks 5632-5759: Terminated
srun: error: c11u13n3: tasks 15360-15487: Terminated
srun: error: c09u03n2: tasks 896-1023: Terminated
srun: error: c11u02n4: tasks 9856-9983: Terminated
srun: error: c11u10n3: tasks 13824-13951: Terminated
srun: error: c11u07n1: tasks 12032-12159: Terminated
srun: error: c09u05n1: tasks 1792-1919: Terminated
srun: error: c09u15n1: tasks 6912-7039: Terminated
srun: error: c09u16n4: tasks 7808-7935: Terminated
srun: error: c09u17n4: tasks 8320-8447: Terminated
srun: error: c09u06n4: tasks 2688-2815: Terminated
srun: error: c11u11n3: tasks 14336-14463: Terminated
srun: error: c11u05n4: tasks 11392-11519: Terminated
srun: error: c09u13n3: tasks 6144-6271: Terminated
srun: error: c09u07n1: tasks 2816-2943: Terminated
srun: error: c09u17n1: tasks 7936-8063: Terminated
srun: error: c09u04n3: tasks 1536-1663: Terminated
srun: error: c09u02n3: tasks 512-639: Terminated
srun: error: c11u08n4: tasks 12928-13055: Terminated
srun: error: c11u06n4: tasks 11904-12031: Terminated
srun: error: c09u10n4: tasks 4736-4863: Terminated
srun: error: c11u14n4: tasks 16000-16127: Terminated
srun: error: c09u03n1: tasks 768-895: Terminated
srun: error: c11u10n4: tasks 13952-14079: Terminated
srun: error: c09u15n3: tasks 7168-7295: Terminated
srun: error: c09u11n2: tasks 4992-5119: Terminated
srun: error: c09u06n2: tasks 2432-2559: Terminated
srun: error: c09u02n4: tasks 640-767: Terminated
srun: error: c09u09n1: tasks 3840-3967: Terminated
srun: error: c09u17n3: tasks 8192-8319: Terminated
srun: error: c11u14n1: tasks 15616-15743: Terminated
srun: error: c11u05n2: tasks 11136-11263: Terminated
srun: error: c11u17n4: tasks 17408-17535: Terminated
srun: error: c09u10n2: tasks 4480-4607: Terminated
srun: error: c12u01n1: tasks 18048-18175: Terminated
srun: error: c11u13n4: tasks 15488-15615: Terminated
srun: error: c11u15n3: tasks 16384-16511: Terminated
srun: error: c09u09n4: tasks 4224-4351: Terminated
srun: error: c09u12n2: tasks 5504-5631: Terminated
srun: error: c11u08n1: tasks 12544-12671: Terminated
srun: error: c09u03n4: tasks 1152-1279: Terminated
srun: error: c09u08n3: tasks 3584-3711: Terminated
srun: error: c11u07n2: tasks 12160-12287: Terminated
srun: error: c09u14n3: tasks 6656-6783: Terminated
srun: error: c09u07n2: tasks 2944-3071: Terminated
srun: error: c11u07n4: tasks 12416-12543: Terminated
srun: error: c11u13n1: tasks 15104-15231: Terminated
srun: error: c09u13n4: tasks 6272-6399: Terminated
srun: error: c11u05n3: tasks 11264-11391: Terminated
srun: error: c09u01n3: tasks 0-127: Terminated
srun: Force Terminated StepId=2664490.0
