slurmstepd: error: execve(): /work/k0736/k073600/GoodRegressor/oxygen_ionconductor/Ea/From20_ch8/./GoodRegressor.x: Permission denied
slurmstepd: error: execve(): /work/k0736/k073600/GoodRegressor/oxygen_ionconductor/Ea/From20_ch8/./GoodRegressor.x: Permission denied
slurmstepd: error: execve(): /work/k0736/k073600/GoodRegressor/oxygen_ionconductor/Ea/From20_ch8/./GoodRegressor.x: Permission denied
slurmstepd: error: execve(): /work/k0736/k073600/GoodRegressor/oxygen_ionconductor/Ea/From20_ch8/./GoodRegressor.x: Permission denied
slurmstepd: error: execve(): /work/k0736/k073600/GoodRegressor/oxygen_ionconductor/Ea/From20_ch8/./GoodRegressor.x: Permission denied
slurmstepd: error: execve(): /work/k0736/k073600/GoodRegressor/oxygen_ionconductor/Ea/From20_ch8/./GoodRegressor.x: Permission denied
slurmstepd: error: execve(): /work/k0736/k073600/GoodRegressor/oxygen_ionconductor/Ea/From20_ch8/./GoodRegressor.x: Permission denied
slurmstepd: error: execve(): /work/k0736/k073600/GoodRegressor/oxygen_ionconductor/Ea/From20_ch8/./GoodRegressor.x: Permission denied
slurmstepd: error: execve(): /work/k0736/k073600/GoodRegressor/oxygen_ionconductor/Ea/From20_ch8/./GoodRegressor.x: Permission denied
slurmstepd: error: execve(): /work/k0736/k073600/GoodRegressor/oxygen_ionconductor/Ea/From20_ch8/./GoodRegressor.x: Permission denied
slurmstepd: error: execve(): /work/k0736/k073600/GoodRegressor/oxygen_ionconductor/Ea/From20_ch8/./GoodRegressor.x: Permission denied
slurmstepd: error: execve(): /work/k0736/k073600/GoodRegressor/oxygen_ionconductor/Ea/From20_ch8/./GoodRegressor.x: Permission denied
slurmstepd: error: execve(): /work/k0736/k073600/GoodRegressor/oxygen_ionconductor/Ea/From20_ch8/./GoodRegressor.x: Permission denied
slurmstepd: error: execve(): /work/k0736/k073600/GoodRegressor/oxygen_ionconductor/Ea/From20_ch8/./GoodRegressor.x: Permission denied
slurmstepd: error: execve(): /work/k0736/k073600/GoodRegressor/oxygen_ionconductor/Ea/From20_ch8/./GoodRegressor.x: Permission denied
slurmstepd: error: execve(): /work/k0736/k073600/GoodRegressor/oxygen_ionconductor/Ea/From20_ch8/./GoodRegressor.x: Permission denied
slurmstepd: error: execve(): /work/k0736/k073600/GoodRegressor/oxygen_ionconductor/Ea/From20_ch8/./GoodRegressor.x: Permission denied
slurmstepd: error: execve(): /work/k0736/k073600/GoodRegressor/oxygen_ionconductor/Ea/From20_ch8/./GoodRegressor.x: Permission denied
slurmstepd: error: execve(): /work/k0736/k073600/GoodRegressor/oxygen_ionconductor/Ea/From20_ch8/./GoodRegressor.x: Permission denied
slurmstepd: error: execve(): /work/k0736/k073600/GoodRegressor/oxygen_ionconductor/Ea/From20_ch8/./GoodRegressor.x: Permission denied
slurmstepd: error: execve(): /work/k0736/k073600/GoodRegressor/oxygen_ionconductor/Ea/From20_ch8/./GoodRegressor.x: Permission denied
slurmstepd: error: execve(): /work/k0736/k073600/GoodRegressor/oxygen_ionconductor/Ea/From20_ch8/./GoodRegressor.x: Permission denied
slurmstepd: error: execve(): /work/k0736/k073600/GoodRegressor/oxygen_ionconductor/Ea/From20_ch8/./GoodRegressor.x: Permission denied
slurmstepd: error: execve(): /work/k0736/k073600/GoodRegressor/oxygen_ionconductor/Ea/From20_ch8/./GoodRegressor.x: Permission denied
slurmstepd: error: execve(): /work/k0736/k073600/GoodRegressor/oxygen_ionconductor/Ea/From20_ch8/./GoodRegressor.x: Permission denied
slurmstepd: error: execve(): /work/k0736/k073600/GoodRegressor/oxygen_ionconductor/Ea/From20_ch8/./GoodRegressor.x: Permission denied
slurmstepd: error: execve(): /work/k0736/k073600/GoodRegressor/oxygen_ionconductor/Ea/From20_ch8/./GoodRegressor.x: Permission denied
slurmstepd: error: execve(): /work/k0736/k073600/GoodRegressor/oxygen_ionconductor/Ea/From20_ch8/./GoodRegressor.x: Permission denied
slurmstepd: error: execve(): /work/k0736/k073600/GoodRegressor/oxygen_ionconductor/Ea/From20_ch8/./GoodRegressor.x: Permission denied
slurmstepd: error: execve(): /work/k0736/k073600/GoodRegressor/oxygen_ionconductor/Ea/From20_ch8/./GoodRegressor.x: Permission denied
slurmstepd: error: execve(): /work/k0736/k073600/GoodRegressor/oxygen_ionconductor/Ea/From20_ch8/./GoodRegressor.x: Permission denied
slurmstepd: error: execve(): /work/k0736/k073600/GoodRegressor/oxygen_ionconductor/Ea/From20_ch8/./GoodRegressor.x: Permission denied
slurmstepd: error: execve(): /work/k0736/k073600/GoodRegressor/oxygen_ionconductor/Ea/From20_ch8/./GoodRegressor.x: Permission denied
slurmstepd: error: execve(): /work/k0736/k073600/GoodRegressor/oxygen_ionconductor/Ea/From20_ch8/./GoodRegressor.x: Permission denied
slurmstepd: error: execve(): /work/k0736/k073600/GoodRegressor/oxygen_ionconductor/Ea/From20_ch8/./GoodRegressor.x: Permission denied
slurmstepd: error: execve(): /work/k0736/k073600/GoodRegressor/oxygen_ionconductor/Ea/From20_ch8/./GoodRegressor.x: Permission denied
slurmstepd: error: execve(): /work/k0736/k073600/GoodRegressor/oxygen_ionconductor/Ea/From20_ch8/./GoodRegressor.x: Permission denied
slurmstepd: error: execve(): /work/k0736/k073600/GoodRegressor/oxygen_ionconductor/Ea/From20_ch8/./GoodRegressor.x: Permission denied
slurmstepd: error: execve(): /work/k0736/k073600/GoodRegressor/oxygen_ionconductor/Ea/From20_ch8/./GoodRegressor.x: Permission denied
slurmstepd: error: execve(): /work/k0736/k073600/GoodRegressor/oxygen_ionconductor/Ea/From20_ch8/./GoodRegressor.x: Permission denied
slurmstepd: error: execve(): /work/k0736/k073600/GoodRegressor/oxygen_ionconductor/Ea/From20_ch8/./GoodRegressor.x: Permission denied
slurmstepd: error: execve(): /work/k0736/k073600/GoodRegressor/oxygen_ionconductor/Ea/From20_ch8/./GoodRegressor.x: Permission denied
slurmstepd: error: execve(): /work/k0736/k073600/GoodRegressor/oxygen_ionconductor/Ea/From20_ch8/./GoodRegressor.x: Permission denied
slurmstepd: error: execve(): /work/k0736/k073600/GoodRegressor/oxygen_ionconductor/Ea/From20_ch8/./GoodRegressor.x: Permission denied
slurmstepd: error: execve(): /work/k0736/k073600/GoodRegressor/oxygen_ionconductor/Ea/From20_ch8/./GoodRegressor.x: Permission denied
slurmstepd: error: execve(): /work/k0736/k073600/GoodRegressor/oxygen_ionconductor/Ea/From20_ch8/./GoodRegressor.x: Permission denied
slurmstepd: error: execve(): /work/k0736/k073600/GoodRegressor/oxygen_ionconductor/Ea/From20_ch8/./GoodRegressor.x: Permission denied
slurmstepd: error: execve(): /work/k0736/k073600/GoodRegressor/oxygen_ionconductor/Ea/From20_ch8/./GoodRegressor.x: Permission denied
slurmstepd: error: execve(): /work/k0736/k073600/GoodRegressor/oxygen_ionconductor/Ea/From20_ch8/./GoodRegressor.x: Permission denied
slurmstepd: error: execve(): /work/k0736/k073600/GoodRegressor/oxygen_ionconductor/Ea/From20_ch8/./GoodRegressor.x: Permission denied
slurmstepd: error: execve(): /work/k0736/k073600/GoodRegressor/oxygen_ionconductor/Ea/From20_ch8/./GoodRegressor.x: Permission denied
slurmstepd: error: execve(): /work/k0736/k073600/GoodRegressor/oxygen_ionconductor/Ea/From20_ch8/./GoodRegressor.x: Permission denied
slurmstepd: error: execve(): /work/k0736/k073600/GoodRegressor/oxygen_ionconductor/Ea/From20_ch8/./GoodRegressor.x: Permission denied
slurmstepd: error: execve(): /work/k0736/k073600/GoodRegressor/oxygen_ionconductor/Ea/From20_ch8/./GoodRegressor.x: Permission denied
slurmstepd: error: execve(): /work/k0736/k073600/GoodRegressor/oxygen_ionconductor/Ea/From20_ch8/./GoodRegressor.x: Permission denied
slurmstepd: error: execve(): /work/k0736/k073600/GoodRegressor/oxygen_ionconductor/Ea/From20_ch8/./GoodRegressor.x: Permission denied
slurmstepd: error: execve(): /work/k0736/k073600/GoodRegressor/oxygen_ionconductor/Ea/From20_ch8/./GoodRegressor.x: Permission denied
slurmstepd: error: execve(): /work/k0736/k073600/GoodRegressor/oxygen_ionconductor/Ea/From20_ch8/./GoodRegressor.x: Permission denied
slurmstepd: error: execve(): /work/k0736/k073600/GoodRegressor/oxygen_ionconductor/Ea/From20_ch8/./GoodRegressor.x: Permission denied
slurmstepd: error: execve(): /work/k0736/k073600/GoodRegressor/oxygen_ionconductor/Ea/From20_ch8/./GoodRegressor.x: Permission denied
slurmstepd: error: execve(): /work/k0736/k073600/GoodRegressor/oxygen_ionconductor/Ea/From20_ch8/./GoodRegressor.x: Permission denied
slurmstepd: error: execve(): /work/k0736/k073600/GoodRegressor/oxygen_ionconductor/Ea/From20_ch8/./GoodRegressor.x: Permission denied
slurmstepd: error: execve(): /work/k0736/k073600/GoodRegressor/oxygen_ionconductor/Ea/From20_ch8/./GoodRegressor.x: Permission denied
slurmstepd: error: execve(): /work/k0736/k073600/GoodRegressor/oxygen_ionconductor/Ea/From20_ch8/./GoodRegressor.x: Permission denied
slurmstepd: error: execve(): /work/k0736/k073600/GoodRegressor/oxygen_ionconductor/Ea/From20_ch8/./GoodRegressor.x: Permission denied
slurmstepd: error: execve(): /work/k0736/k073600/GoodRegressor/oxygen_ionconductor/Ea/From20_ch8/./GoodRegressor.x: Permission denied
slurmstepd: error: execve(): /work/k0736/k073600/GoodRegressor/oxygen_ionconductor/Ea/From20_ch8/./GoodRegressor.x: Permission denied
slurmstepd: error: execve(): /work/k0736/k073600/GoodRegressor/oxygen_ionconductor/Ea/From20_ch8/./GoodRegressor.x: Permission denied
slurmstepd: error: execve(): /work/k0736/k073600/GoodRegressor/oxygen_ionconductor/Ea/From20_ch8/./GoodRegressor.x: Permission denied
slurmstepd: error: execve(): /work/k0736/k073600/GoodRegressor/oxygen_ionconductor/Ea/From20_ch8/./GoodRegressor.x: Permission denied
slurmstepd: error: execve(): /work/k0736/k073600/GoodRegressor/oxygen_ionconductor/Ea/From20_ch8/./GoodRegressor.x: Permission denied
slurmstepd: error: execve(): /work/k0736/k073600/GoodRegressor/oxygen_ionconductor/Ea/From20_ch8/./GoodRegressor.x: Permission denied
slurmstepd: error: execve(): /work/k0736/k073600/GoodRegressor/oxygen_ionconductor/Ea/From20_ch8/./GoodRegressor.x: Permission denied
slurmstepd: error: execve(): /work/k0736/k073600/GoodRegressor/oxygen_ionconductor/Ea/From20_ch8/./GoodRegressor.x: Permission denied
slurmstepd: error: execve(): /work/k0736/k073600/GoodRegressor/oxygen_ionconductor/Ea/From20_ch8/./GoodRegressor.x: Permission denied
slurmstepd: error: execve(): /work/k0736/k073600/GoodRegressor/oxygen_ionconductor/Ea/From20_ch8/./GoodRegressor.x: Permission denied
slurmstepd: error: execve(): /work/k0736/k073600/GoodRegressor/oxygen_ionconductor/Ea/From20_ch8/./GoodRegressor.x: Permission denied
slurmstepd: error: execve(): /work/k0736/k073600/GoodRegressor/oxygen_ionconductor/Ea/From20_ch8/./GoodRegressor.x: Permission denied
slurmstepd: error: execve(): /work/k0736/k073600/GoodRegressor/oxygen_ionconductor/Ea/From20_ch8/./GoodRegressor.x: Permission denied
slurmstepd: error: execve(): /work/k0736/k073600/GoodRegressor/oxygen_ionconductor/Ea/From20_ch8/./GoodRegressor.x: Permission denied
slurmstepd: error: execve(): /work/k0736/k073600/GoodRegressor/oxygen_ionconductor/Ea/From20_ch8/./GoodRegressor.x: Permission denied
slurmstepd: error: execve(): /work/k0736/k073600/GoodRegressor/oxygen_ionconductor/Ea/From20_ch8/./GoodRegressor.x: Permission denied
slurmstepd: error: execve(): /work/k0736/k073600/GoodRegressor/oxygen_ionconductor/Ea/From20_ch8/./GoodRegressor.x: Permission denied
slurmstepd: error: execve(): /work/k0736/k073600/GoodRegressor/oxygen_ionconductor/Ea/From20_ch8/./GoodRegressor.x: Permission denied
slurmstepd: error: execve(): /work/k0736/k073600/GoodRegressor/oxygen_ionconductor/Ea/From20_ch8/./GoodRegressor.x: Permission denied
slurmstepd: error: execve(): /work/k0736/k073600/GoodRegressor/oxygen_ionconductor/Ea/From20_ch8/./GoodRegressor.x: Permission denied
slurmstepd: error: execve(): /work/k0736/k073600/GoodRegressor/oxygen_ionconductor/Ea/From20_ch8/./GoodRegressor.x: Permission denied
slurmstepd: error: execve(): /work/k0736/k073600/GoodRegressor/oxygen_ionconductor/Ea/From20_ch8/./GoodRegressor.x: Permission denied
slurmstepd: error: execve(): /work/k0736/k073600/GoodRegressor/oxygen_ionconductor/Ea/From20_ch8/./GoodRegressor.x: Permission denied
slurmstepd: error: execve(): /work/k0736/k073600/GoodRegressor/oxygen_ionconductor/Ea/From20_ch8/./GoodRegressor.x: Permission denied
slurmstepd: error: execve(): /work/k0736/k073600/GoodRegressor/oxygen_ionconductor/Ea/From20_ch8/./GoodRegressor.x: Permission denied
slurmstepd: error: execve(): /work/k0736/k073600/GoodRegressor/oxygen_ionconductor/Ea/From20_ch8/./GoodRegressor.x: Permission denied
slurmstepd: error: execve(): /work/k0736/k073600/GoodRegressor/oxygen_ionconductor/Ea/From20_ch8/./GoodRegressor.x: Permission denied
slurmstepd: error: execve(): /work/k0736/k073600/GoodRegressor/oxygen_ionconductor/Ea/From20_ch8/./GoodRegressor.x: Permission denied
slurmstepd: error: execve(): /work/k0736/k073600/GoodRegressor/oxygen_ionconductor/Ea/From20_ch8/./GoodRegressor.x: Permission denied
slurmstepd: error: execve(): /work/k0736/k073600/GoodRegressor/oxygen_ionconductor/Ea/From20_ch8/./GoodRegressor.x: Permission denied
slurmstepd: error: execve(): /work/k0736/k073600/GoodRegressor/oxygen_ionconductor/Ea/From20_ch8/./GoodRegressor.x: Permission denied
slurmstepd: error: execve(): /work/k0736/k073600/GoodRegressor/oxygen_ionconductor/Ea/From20_ch8/./GoodRegressor.x: Permission denied
slurmstepd: error: execve(): /work/k0736/k073600/GoodRegressor/oxygen_ionconductor/Ea/From20_ch8/./GoodRegressor.x: Permission denied
slurmstepd: error: execve(): /work/k0736/k073600/GoodRegressor/oxygen_ionconductor/Ea/From20_ch8/./GoodRegressor.x: Permission denied
slurmstepd: error: execve(): /work/k0736/k073600/GoodRegressor/oxygen_ionconductor/Ea/From20_ch8/./GoodRegressor.x: Permission denied
slurmstepd: error: execve(): /work/k0736/k073600/GoodRegressor/oxygen_ionconductor/Ea/From20_ch8/./GoodRegressor.x: Permission denied
slurmstepd: error: execve(): /work/k0736/k073600/GoodRegressor/oxygen_ionconductor/Ea/From20_ch8/./GoodRegressor.x: Permission denied
slurmstepd: error: execve(): /work/k0736/k073600/GoodRegressor/oxygen_ionconductor/Ea/From20_ch8/./GoodRegressor.x: Permission denied
slurmstepd: error: execve(): /work/k0736/k073600/GoodRegressor/oxygen_ionconductor/Ea/From20_ch8/./GoodRegressor.x: Permission denied
slurmstepd: error: execve(): /work/k0736/k073600/GoodRegressor/oxygen_ionconductor/Ea/From20_ch8/./GoodRegressor.x: Permission denied
slurmstepd: error: execve(): /work/k0736/k073600/GoodRegressor/oxygen_ionconductor/Ea/From20_ch8/./GoodRegressor.x: Permission denied
slurmstepd: error: execve(): /work/k0736/k073600/GoodRegressor/oxygen_ionconductor/Ea/From20_ch8/./GoodRegressor.x: Permission denied
slurmstepd: error: execve(): /work/k0736/k073600/GoodRegressor/oxygen_ionconductor/Ea/From20_ch8/./GoodRegressor.x: Permission denied
slurmstepd: error: execve(): /work/k0736/k073600/GoodRegressor/oxygen_ionconductor/Ea/From20_ch8/./GoodRegressor.x: Permission denied
slurmstepd: error: execve(): /work/k0736/k073600/GoodRegressor/oxygen_ionconductor/Ea/From20_ch8/./GoodRegressor.x: Permission denied
slurmstepd: error: execve(): /work/k0736/k073600/GoodRegressor/oxygen_ionconductor/Ea/From20_ch8/./GoodRegressor.x: Permission denied
slurmstepd: error: execve(): /work/k0736/k073600/GoodRegressor/oxygen_ionconductor/Ea/From20_ch8/./GoodRegressor.x: Permission denied
slurmstepd: error: execve(): /work/k0736/k073600/GoodRegressor/oxygen_ionconductor/Ea/From20_ch8/./GoodRegressor.x: Permission denied
slurmstepd: error: execve(): /work/k0736/k073600/GoodRegressor/oxygen_ionconductor/Ea/From20_ch8/./GoodRegressor.x: Permission denied
slurmstepd: error: execve(): /work/k0736/k073600/GoodRegressor/oxygen_ionconductor/Ea/From20_ch8/./GoodRegressor.x: Permission denied
slurmstepd: error: execve(): /work/k0736/k073600/GoodRegressor/oxygen_ionconductor/Ea/From20_ch8/./GoodRegressor.x: Permission denied
slurmstepd: error: execve(): /work/k0736/k073600/GoodRegressor/oxygen_ionconductor/Ea/From20_ch8/./GoodRegressor.x: Permission denied
slurmstepd: error: execve(): /work/k0736/k073600/GoodRegressor/oxygen_ionconductor/Ea/From20_ch8/./GoodRegressor.x: Permission denied
slurmstepd: error: execve(): /work/k0736/k073600/GoodRegressor/oxygen_ionconductor/Ea/From20_ch8/./GoodRegressor.x: Permission denied
slurmstepd: error: execve(): /work/k0736/k073600/GoodRegressor/oxygen_ionconductor/Ea/From20_ch8/./GoodRegressor.x: Permission denied
slurmstepd: error: execve(): /work/k0736/k073600/GoodRegressor/oxygen_ionconductor/Ea/From20_ch8/./GoodRegressor.x: Permission denied
slurmstepd: error: execve(): /work/k0736/k073600/GoodRegressor/oxygen_ionconductor/Ea/From20_ch8/./GoodRegressor.x: Permission denied
slurmstepd: error: execve(): /work/k0736/k073600/GoodRegressor/oxygen_ionconductor/Ea/From20_ch8/./GoodRegressor.x: Permission denied
slurmstepd: error: execve(): /work/k0736/k073600/GoodRegressor/oxygen_ionconductor/Ea/From20_ch8/./GoodRegressor.x: Permission denied
slurmstepd: error: execve(): /work/k0736/k073600/GoodRegressor/oxygen_ionconductor/Ea/From20_ch8/./GoodRegressor.x: Permission denied
slurmstepd: error: execve(): /work/k0736/k073600/GoodRegressor/oxygen_ionconductor/Ea/From20_ch8/./GoodRegressor.x: Permission denied
slurmstepd: error: execve(): /work/k0736/k073600/GoodRegressor/oxygen_ionconductor/Ea/From20_ch8/./GoodRegressor.x: Permission denied
srun: error: c21u06n3: tasks 0-127: Exited with exit code 13
srun: Terminating StepId=2668465.0
srun: error: c21u18n1: tasks 768-895: Terminated
srun: error: c21u10n1: tasks 256-383: Terminated
srun: error: c21u10n2: tasks 384-511: Terminated
srun: error: c23u16n1: tasks 1920-2047: Terminated
srun: error: c21u16n2: tasks 512-639: Terminated
srun: error: c23u04n3: tasks 1280-1407: Terminated
srun: error: c22u17n1: tasks 1024-1151: Terminated
srun: error: c23u15n3: tasks 1664-1791: Terminated
srun: error: c21u07n2: tasks 128-255: Terminated
srun: error: c21u17n3: tasks 640-767: Terminated
srun: error: c22u11n2: tasks 896-1023: Terminated
srun: error: c23u15n2: tasks 1536-1663: Terminated
srun: error: c23u08n3: tasks 1408-1535: Terminated
srun: error: c22u18n4: tasks 1152-1279: Terminated
srun: error: c23u15n4: tasks 1792-1919: Terminated
srun: Force Terminated StepId=2668465.0
